\BOOKMARK [1][-]{section.1}{\376\377\000H\000o\000u\000s\000e\000h\000o\000l\000d\000\040\000l\000o\000c\000a\000t\000i\000o\000n\000\040\000c\000h\000o\000i\000c\000e\000\040\000m\000o\000d\000e\000l}{}% 1
\BOOKMARK [2][-]{subsection.1.1}{\376\377\000H\000o\000u\000s\000e\000h\000o\000l\000d\000\040\000t\000a\000b\000l\000e}{section.1}% 2
\BOOKMARK [2][-]{subsection.1.2}{\376\377\000F\000i\000r\000s\000t\000\040\000s\000t\000e\000p\000:\000h\000o\000u\000s\000e\000h\000o\000l\000d\000\040\000r\000e\000l\000o\000c\000a\000t\000i\000o\000n\000\040\000m\000o\000d\000e\000l\000\040\000a\000n\000d\000\040\000t\000r\000a\000n\000s\000i\000t\000i\000o\000n\000\040\000m\000o\000d\000e\000l}{section.1}% 3
\BOOKMARK [3][-]{subsubsection.1.2.1}{\376\377\000H\000o\000u\000s\000e\000h\000o\000l\000d\000\040\000r\000e\000l\000o\000c\000a\000t\000i\000o\000n\000\040\000m\000o\000d\000e\000l}{subsection.1.2}% 4
\BOOKMARK [3][-]{subsubsection.1.2.2}{\376\377\000H\000o\000u\000s\000e\000h\000o\000l\000d\000\040\000t\000r\000a\000n\000s\000i\000t\000i\000o\000n\000\040\000m\000o\000d\000e\000l}{subsection.1.2}% 5
\BOOKMARK [2][-]{subsection.1.3}{\376\377\000H\000o\000u\000s\000e\000h\000o\000l\000d\000\040\000l\000o\000c\000a\000t\000i\000o\000n\000\040\000c\000h\000o\000i\000c\000e\000\040\000m\000o\000d\000e\000l}{section.1}% 6
\BOOKMARK [3][-]{subsubsection.1.3.1}{\376\377\000M\000o\000d\000e\000l\000\040\000E\000x\000p\000l\000a\000n\000a\000t\000i\000o\000n}{subsection.1.3}% 7
\BOOKMARK [3][-]{subsubsection.1.3.2}{\376\377\000I\000n\000p\000u\000t\000\040\000a\000n\000d\000\040\000o\000u\000t\000p\000u\000t}{subsection.1.3}% 8
\BOOKMARK [3][-]{subsubsection.1.3.3}{\376\377\000L\000C\000M\000\137\000e\000s\000t\000i\000m\000a\000t\000e\000\040\000f\000u\000n\000c\000t\000i\000o\000n\000\040\000f\000r\000o\000m\000\040\000u\000r\000b\000a\000n\000s\000i\000m\000.\000u\000t\000i\000l\000s}{subsection.1.3}% 9
\BOOKMARK [3][-]{subsubsection.1.3.4}{\376\377\000H\000o\000w\000\040\000m\000o\000d\000e\000l\000\040\000i\000s\000\040\000b\000u\000i\000l\000t\000?}{subsection.1.3}% 10
\BOOKMARK [3][-]{subsubsection.1.3.5}{\376\377\000H\000o\000w\000\040\000i\000s\000\040\000f\000i\000l\000t\000e\000r\000\040\000b\000u\000i\000l\000t\000\040\000a\000n\000d\000\040\000h\000o\000w\000\040\000i\000s\000\040\000s\000e\000g\000m\000e\000n\000t\000e\000d\000\040\000d\000i\000s\000c\000r\000e\000t\000e\000\040\000c\000h\000o\000i\000c\000e\000\040\000m\000o\000d\000e\000l\000\040\000b\000u\000i\000l\000t\000?}{subsection.1.3}% 11
\BOOKMARK [3][-]{subsubsection.1.3.6}{\376\377\000U\000r\000b\000a\000n\000s\000i\000m\000\137\000d\000e\000f\000a\000u\000l\000t\000s}{subsection.1.3}% 12
\BOOKMARK [1][-]{section.2}{\376\377\000C\000o\000s\000t\000\040\000F\000u\000n\000c\000t\000i\000o\000n\000\040\000P\000r\000o\000c\000e\000d\000u\000r\000e\000\040\000f\000o\000r\000\040\000D\000i\000s\000c\000r\000e\000t\000e\000\040\000C\000h\000o\000i\000c\000e\000\040\000M\000o\000d\000e\000l}{}% 13
\BOOKMARK [2][-]{subsection.2.1}{\376\377\000C\000u\000r\000r\000e\000n\000t\000\040\000M\000o\000d\000e\000l}{section.2}% 14
\BOOKMARK [2][-]{subsection.2.2}{\376\377\000S\000e\000t\000p\000s}{section.2}% 15
\BOOKMARK [1][-]{section.3}{\376\377\000D\000a\000t\000a\000\040\000S\000o\000u\000r\000c\000e}{}% 16
\BOOKMARK [2][-]{subsection.3.1}{\376\377\000H\0005\000\040\000f\000i\000l\000e}{section.3}% 17
\BOOKMARK [1][-]{section.4}{\376\377\000D\000a\000t\000a\000\040\000S\000o\000u\000r\000c\000e}{}% 18
\BOOKMARK [1][-]{section.5}{\376\377\000S\000e\000t\000t\000i\000n\000g\000,\000\040\000n\000e\000i\000g\000h\000o\000r\000h\000o\000o\000d\000\137\000v\000a\000r\000s\000,\000\040\000p\000r\000i\000c\000e\000\137\000v\000a\000r\000s}{}% 19
\BOOKMARK [1][-]{section.6}{\376\377\000H\000e\000d\000o\000n\000i\000c\000\040\000R\000e\000g\000r\000e\000s\000s\000i\000o\000n\000\040\000M\000o\000d\000e\000l}{}% 20
\BOOKMARK [2][-]{subsection.6.1}{\376\377\000M\000o\000d\000e\000l\000\040\000B\000a\000s\000i\000c\000s}{section.6}% 21
\BOOKMARK [2][-]{subsection.6.2}{\376\377\000C\000h\000a\000n\000g\000e\000\040\000m\000o\000d\000e\000l\000s}{section.6}% 22
\BOOKMARK [3][-]{subsubsection.6.2.1}{\376\377\000W\000e\000\040\000p\000a\000c\000k\000a\000g\000e\000\040\000t\000h\000e\000\040\000e\000s\000t\000i\000m\000a\000t\000i\000o\000n\000\040\000s\000t\000e\000p\000\040\000a\000s\000\040\000a\000n\000\040\000o\000r\000c\000a\000\040\000s\000t\000e\000p\000,\000\040\000s\000o\000\040\000t\000h\000a\000t\000\040\000w\000e\000\040\000c\000a\000n\000\040\000c\000a\000l\000l\000\040\000t\000h\000e\000m\000\040\000s\000e\000q\000u\000e\000n\000t\000i\000a\000l\000l\000y\000\040\000i\000n\000\040\000o\000r\000c\000a\000\040\000r\000u\000n}{subsection.6.2}% 23
\BOOKMARK [3][-]{subsubsection.6.2.2}{\376\377\000B\000u\000t\000\040\000w\000e\000\040\000c\000a\000n\000\040\000d\000e\000c\000o\000m\000p\000o\000s\000e\000\040\000i\000t\000\040\000t\000o\000\040\000g\000e\000t\000\040\000t\000h\000e\000\040\000e\000s\000t\000i\000m\000a\000t\000i\000o\000n\000\040\000f\000u\000n\000c\000t\000i\000o\000n\000\040\000t\000h\000a\000t\000\040\000d\000i\000r\000e\000c\000t\000l\000y\000\040\000g\000i\000v\000e\000s\000\040\000u\000s\000\040\000t\000h\000e\000\040\000r\000e\000g\000r\000e\000s\000s\000i\000o\000n\000\040\000r\000e\000s\000u\000l\000t}{subsection.6.2}% 24
\BOOKMARK [3][-]{subsubsection.6.2.3}{\376\377\000W\000h\000a\000t\000\040\000i\000s\000\040\000a\000g\000g\000r\000e\000g\000a\000t\000i\000o\000n\000s\000?\000\040\000h\000o\000w\000\040\000t\000o\000\040\000g\000e\000t\000\040\000t\000h\000e\000m\000?}{subsection.6.2}% 25
\BOOKMARK [1][-]{section.7}{\376\377\000H\000e\000d\000o\000n\000i\000c\000\040\000S\000i\000m\000u\000l\000a\000t\000i\000o\000n\000\040\000M\000o\000d\000e\000l}{}% 26
\BOOKMARK [1][-]{section.8}{\376\377\000l\000c\000m\000-\000e\000s\000t\000i\000m\000a\000t\000e}{}% 27
\BOOKMARK [1][-]{section.9}{\376\377\000l\000c\000m\000-\000s\000i\000m\000u\000l\000a\000t\000i\000o\000n}{}% 28
\BOOKMARK [1][-]{section.10}{\376\377\000s\000i\000m\000p\000l\000e\000-\000r\000e\000l\000o\000c\000a\000t\000i\000o\000n}{}% 29
\BOOKMARK [2][-]{subsection.10.1}{\376\377\000M\000o\000d\000e\000l\000\040\000b\000a\000s\000i\000c\000s}{section.10}% 30
\BOOKMARK [1][-]{section.11}{\376\377\000@\000o\000r\000c\000a\000.\000s\000t\000e\000p\000\050\000"\000t\000r\000a\000v\000e\000l\000\137\000m\000o\000d\000e\000l\000\137\000o\000u\000t\000p\000u\000t\000"\000\051}{}% 31
